Analysis & Synthesis report for ap3216c
Tue Jun 09 17:30:10 2026
Quartus II 64-Bit Version 13.0.1 Build 232 06/12/2013 Service Pack 1 SJ Full Version


---------------------
; Table of Contents ;
---------------------
  1. Legal Notice
  2. Analysis & Synthesis Summary
  3. Analysis & Synthesis Settings
  4. Parallel Compilation
  5. Analysis & Synthesis Source Files Read
  6. Analysis & Synthesis Resource Usage Summary
  7. Analysis & Synthesis Resource Utilization by Entity
  8. State Machine - |ap3216c|i2c_ctrl:i2c_ctrl_inst|state
  9. State Machine - |ap3216c|ap3216c_ctrl:ap3216c_ctrl_inst|state
 10. User-Specified and Inferred Latches
 11. Registers Removed During Synthesis
 12. Removed Registers Triggering Further Register Optimizations
 13. General Register Statistics
 14. Inverted Register Statistics
 15. Multiplexer Restructuring Statistics (Restructuring Performed)
 16. Parameter Settings for User Entity Instance: seg_595_dynamic:seg_595_dynamic_inst|seg_dynamic:seg_dynamic_inst
 17. Parameter Settings for User Entity Instance: ap3216c_ctrl:ap3216c_ctrl_inst
 18. Parameter Settings for User Entity Instance: i2c_ctrl:i2c_ctrl_inst
 19. Parameter Settings for User Entity Instance: key_filter:key_filter_inst
 20. Parameter Settings for Inferred Entity Instance: ap3216c_ctrl:ap3216c_ctrl_inst|lpm_mult:Mult0
 21. Parameter Settings for Inferred Entity Instance: ap3216c_ctrl:ap3216c_ctrl_inst|lpm_divide:Div0
 22. lpm_mult Parameter Settings by Entity Instance
 23. Port Connectivity Checks: "i2c_ctrl:i2c_ctrl_inst"
 24. Port Connectivity Checks: "seg_595_dynamic:seg_595_dynamic_inst"
 25. Elapsed Time Per Partition
 26. Analysis & Synthesis Messages
 27. Analysis & Synthesis Suppressed Messages



----------------
; Legal Notice ;
----------------
Copyright (C) 1991-2013 Altera Corporation
Your use of Altera Corporation's design tools, logic functions 
and other software and tools, and its AMPP partner logic 
functions, and any output files from any of the foregoing 
(including device programming or simulation files), and any 
associated documentation or information are expressly subject 
to the terms and conditions of the Altera Program License 
Subscription Agreement, Altera MegaCore Function License 
Agreement, or other applicable license agreement, including, 
without limitation, that your use is for the sole purpose of 
programming logic devices manufactured by Altera and sold by 
Altera or its authorized distributors.  Please refer to the 
applicable agreement for further details.



+---------------------------------------------------------------------------------------+
; Analysis & Synthesis Summary                                                          ;
+------------------------------------+--------------------------------------------------+
; Analysis & Synthesis Status        ; Successful - Tue Jun 09 17:30:10 2026            ;
; Quartus II 64-Bit Version          ; 13.0.1 Build 232 06/12/2013 SP 1 SJ Full Version ;
; Revision Name                      ; ap3216c                                          ;
; Top-level Entity Name              ; ap3216c                                          ;
; Family                             ; Cyclone IV E                                     ;
; Total logic elements               ; 690                                              ;
;     Total combinational functions  ; 611                                              ;
;     Dedicated logic registers      ; 297                                              ;
; Total registers                    ; 297                                              ;
; Total pins                         ; 9                                                ;
; Total virtual pins                 ; 0                                                ;
; Total memory bits                  ; 0                                                ;
; Embedded Multiplier 9-bit elements ; 0                                                ;
; Total PLLs                         ; 0                                                ;
+------------------------------------+--------------------------------------------------+


+----------------------------------------------------------------------------------------------------------------------+
; Analysis & Synthesis Settings                                                                                        ;
+----------------------------------------------------------------------------+--------------------+--------------------+
; Option                                                                     ; Setting            ; Default Value      ;
+----------------------------------------------------------------------------+--------------------+--------------------+
; Device                                                                     ; EP4CE10F17C8       ;                    ;
; Top-level entity name                                                      ; ap3216c            ; ap3216c            ;
; Family name                                                                ; Cyclone IV E       ; Cyclone IV GX      ;
; Use smart compilation                                                      ; Off                ; Off                ;
; Enable parallel Assembler and TimeQuest Timing Analyzer during compilation ; On                 ; On                 ;
; Enable compact report table                                                ; Off                ; Off                ;
; Restructure Multiplexers                                                   ; Auto               ; Auto               ;
; Create Debugging Nodes for IP Cores                                        ; Off                ; Off                ;
; Preserve fewer node names                                                  ; On                 ; On                 ;
; Disable OpenCore Plus hardware evaluation                                  ; Off                ; Off                ;
; Verilog Version                                                            ; Verilog_2001       ; Verilog_2001       ;
; VHDL Version                                                               ; VHDL_1993          ; VHDL_1993          ;
; State Machine Processing                                                   ; Auto               ; Auto               ;
; Safe State Machine                                                         ; Off                ; Off                ;
; Extract Verilog State Machines                                             ; On                 ; On                 ;
; Extract VHDL State Machines                                                ; On                 ; On                 ;
; Ignore Verilog initial constructs                                          ; Off                ; Off                ;
; Iteration limit for constant Verilog loops                                 ; 5000               ; 5000               ;
; Iteration limit for non-constant Verilog loops                             ; 250                ; 250                ;
; Add Pass-Through Logic to Inferred RAMs                                    ; On                 ; On                 ;
; Infer RAMs from Raw Logic                                                  ; On                 ; On                 ;
; Parallel Synthesis                                                         ; On                 ; On                 ;
; DSP Block Balancing                                                        ; Auto               ; Auto               ;
; NOT Gate Push-Back                                                         ; On                 ; On                 ;
; Power-Up Don't Care                                                        ; On                 ; On                 ;
; Remove Redundant Logic Cells                                               ; Off                ; Off                ;
; Remove Duplicate Registers                                                 ; On                 ; On                 ;
; Ignore CARRY Buffers                                                       ; Off                ; Off                ;
; Ignore CASCADE Buffers                                                     ; Off                ; Off                ;
; Ignore GLOBAL Buffers                                                      ; Off                ; Off                ;
; Ignore ROW GLOBAL Buffers                                                  ; Off                ; Off                ;
; Ignore LCELL Buffers                                                       ; Off                ; Off                ;
; Ignore SOFT Buffers                                                        ; On                 ; On                 ;
; Limit AHDL Integers to 32 Bits                                             ; Off                ; Off                ;
; Optimization Technique                                                     ; Balanced           ; Balanced           ;
; Carry Chain Length                                                         ; 70                 ; 70                 ;
; Auto Carry Chains                                                          ; On                 ; On                 ;
; Auto Open-Drain Pins                                                       ; On                 ; On                 ;
; Perform WYSIWYG Primitive Resynthesis                                      ; Off                ; Off                ;
; Auto ROM Replacement                                                       ; On                 ; On                 ;
; Auto RAM Replacement                                                       ; On                 ; On                 ;
; Auto DSP Block Replacement                                                 ; On                 ; On                 ;
; Auto Shift Register Replacement                                            ; Auto               ; Auto               ;
; Allow Shift Register Merging across Hierarchies                            ; Auto               ; Auto               ;
; Auto Clock Enable Replacement                                              ; On                 ; On                 ;
; Strict RAM Replacement                                                     ; Off                ; Off                ;
; Allow Synchronous Control Signals                                          ; On                 ; On                 ;
; Force Use of Synchronous Clear Signals                                     ; Off                ; Off                ;
; Auto RAM Block Balancing                                                   ; On                 ; On                 ;
; Auto RAM to Logic Cell Conversion                                          ; Off                ; Off                ;
; Auto Resource Sharing                                                      ; Off                ; Off                ;
; Allow Any RAM Size For Recognition                                         ; Off                ; Off                ;
; Allow Any ROM Size For Recognition                                         ; Off                ; Off                ;
; Allow Any Shift Register Size For Recognition                              ; Off                ; Off                ;
; Use LogicLock Constraints during Resource Balancing                        ; On                 ; On                 ;
; Ignore translate_off and synthesis_off directives                          ; Off                ; Off                ;
; Timing-Driven Synthesis                                                    ; On                 ; On                 ;
; Report Parameter Settings                                                  ; On                 ; On                 ;
; Report Source Assignments                                                  ; On                 ; On                 ;
; Report Connectivity Checks                                                 ; On                 ; On                 ;
; Ignore Maximum Fan-Out Assignments                                         ; Off                ; Off                ;
; Synchronization Register Chain Length                                      ; 2                  ; 2                  ;
; PowerPlay Power Optimization                                               ; Normal compilation ; Normal compilation ;
; HDL message level                                                          ; Level2             ; Level2             ;
; Suppress Register Optimization Related Messages                            ; Off                ; Off                ;
; Number of Removed Registers Reported in Synthesis Report                   ; 5000               ; 5000               ;
; Number of Swept Nodes Reported in Synthesis Report                         ; 5000               ; 5000               ;
; Number of Inverted Registers Reported in Synthesis Report                  ; 100                ; 100                ;
; Clock MUX Protection                                                       ; On                 ; On                 ;
; Auto Gated Clock Conversion                                                ; Off                ; Off                ;
; Block Design Naming                                                        ; Auto               ; Auto               ;
; SDC constraint protection                                                  ; Off                ; Off                ;
; Synthesis Effort                                                           ; Auto               ; Auto               ;
; Shift Register Replacement - Allow Asynchronous Clear Signal               ; On                 ; On                 ;
; Pre-Mapping Resynthesis Optimization                                       ; Off                ; Off                ;
; Analysis & Synthesis Message Level                                         ; Medium             ; Medium             ;
; Disable Register Merging Across Hierarchies                                ; Auto               ; Auto               ;
; Resource Aware Inference For Block RAM                                     ; On                 ; On                 ;
; Synthesis Seed                                                             ; 1                  ; 1                  ;
+----------------------------------------------------------------------------+--------------------+--------------------+


+------------------------------------------+
; Parallel Compilation                     ;
+----------------------------+-------------+
; Processors                 ; Number      ;
+----------------------------+-------------+
; Number detected on machine ; 16          ;
; Maximum allowed            ; 16          ;
;                            ;             ;
; Average used               ; 1.00        ;
; Maximum used               ; 1           ;
;                            ;             ;
; Usage by Processor         ; % Time Used ;
;     Processor 1            ; 100.0%      ;
;     Processors 2-16        ;   0.0%      ;
+----------------------------+-------------+


+-------------------------------------------------------------------------------------------------------------------------------------------------------------------------+
; Analysis & Synthesis Source Files Read                                                                                                                                  ;
+----------------------------------+-----------------+------------------------------+---------------------------------------------------------------------------+---------+
; File Name with User-Entered Path ; Used in Netlist ; File Type                    ; File Name with Absolute Path                                              ; Library ;
+----------------------------------+-----------------+------------------------------+---------------------------------------------------------------------------+---------+
; ../rtl/hc595.v                   ; yes             ; User Verilog HDL File        ; C:/Users/xuan/Desktop/ap3216c/rtl/hc595.v                                 ;         ;
; ../rtl/bcd_8421.v                ; yes             ; User Verilog HDL File        ; C:/Users/xuan/Desktop/ap3216c/rtl/bcd_8421.v                              ;         ;
; ../rtl/seg_dynamic.v             ; yes             ; User Verilog HDL File        ; C:/Users/xuan/Desktop/ap3216c/rtl/seg_dynamic.v                           ;         ;
; ../rtl/seg_595_dynamic.v         ; yes             ; User Verilog HDL File        ; C:/Users/xuan/Desktop/ap3216c/rtl/seg_595_dynamic.v                       ;         ;
; ../rtl/key_filter.v              ; yes             ; User Verilog HDL File        ; C:/Users/xuan/Desktop/ap3216c/rtl/key_filter.v                            ;         ;
; ../rtl/key_ctrl.v                ; yes             ; User Verilog HDL File        ; C:/Users/xuan/Desktop/ap3216c/rtl/key_ctrl.v                              ;         ;
; ../rtl/i2c_ctrl.v                ; yes             ; User Verilog HDL File        ; C:/Users/xuan/Desktop/ap3216c/rtl/i2c_ctrl.v                              ;         ;
; ../rtl/ap3216c_ctrl.v            ; yes             ; User Verilog HDL File        ; C:/Users/xuan/Desktop/ap3216c/rtl/ap3216c_ctrl.v                          ;         ;
; ../rtl/ap3216c.v                 ; yes             ; User Verilog HDL File        ; C:/Users/xuan/Desktop/ap3216c/rtl/ap3216c.v                               ;         ;
; lpm_mult.tdf                     ; yes             ; Megafunction                 ; d:/altera/13.0sp1/quartus/libraries/megafunctions/lpm_mult.tdf            ;         ;
; aglobal130.inc                   ; yes             ; Megafunction                 ; d:/altera/13.0sp1/quartus/libraries/megafunctions/aglobal130.inc          ;         ;
; lpm_add_sub.inc                  ; yes             ; Megafunction                 ; d:/altera/13.0sp1/quartus/libraries/megafunctions/lpm_add_sub.inc         ;         ;
; multcore.inc                     ; yes             ; Megafunction                 ; d:/altera/13.0sp1/quartus/libraries/megafunctions/multcore.inc            ;         ;
; bypassff.inc                     ; yes             ; Megafunction                 ; d:/altera/13.0sp1/quartus/libraries/megafunctions/bypassff.inc            ;         ;
; altshift.inc                     ; yes             ; Megafunction                 ; d:/altera/13.0sp1/quartus/libraries/megafunctions/altshift.inc            ;         ;
; multcore.tdf                     ; yes             ; Megafunction                 ; d:/altera/13.0sp1/quartus/libraries/megafunctions/multcore.tdf            ;         ;
; csa_add.inc                      ; yes             ; Megafunction                 ; d:/altera/13.0sp1/quartus/libraries/megafunctions/csa_add.inc             ;         ;
; mpar_add.inc                     ; yes             ; Megafunction                 ; d:/altera/13.0sp1/quartus/libraries/megafunctions/mpar_add.inc            ;         ;
; muleabz.inc                      ; yes             ; Megafunction                 ; d:/altera/13.0sp1/quartus/libraries/megafunctions/muleabz.inc             ;         ;
; mul_lfrg.inc                     ; yes             ; Megafunction                 ; d:/altera/13.0sp1/quartus/libraries/megafunctions/mul_lfrg.inc            ;         ;
; mul_boothc.inc                   ; yes             ; Megafunction                 ; d:/altera/13.0sp1/quartus/libraries/megafunctions/mul_boothc.inc          ;         ;
; alt_ded_mult.inc                 ; yes             ; Megafunction                 ; d:/altera/13.0sp1/quartus/libraries/megafunctions/alt_ded_mult.inc        ;         ;
; alt_ded_mult_y.inc               ; yes             ; Megafunction                 ; d:/altera/13.0sp1/quartus/libraries/megafunctions/alt_ded_mult_y.inc      ;         ;
; dffpipe.inc                      ; yes             ; Megafunction                 ; d:/altera/13.0sp1/quartus/libraries/megafunctions/dffpipe.inc             ;         ;
; mpar_add.tdf                     ; yes             ; Megafunction                 ; d:/altera/13.0sp1/quartus/libraries/megafunctions/mpar_add.tdf            ;         ;
; lpm_add_sub.tdf                  ; yes             ; Megafunction                 ; d:/altera/13.0sp1/quartus/libraries/megafunctions/lpm_add_sub.tdf         ;         ;
; addcore.inc                      ; yes             ; Megafunction                 ; d:/altera/13.0sp1/quartus/libraries/megafunctions/addcore.inc             ;         ;
; look_add.inc                     ; yes             ; Megafunction                 ; d:/altera/13.0sp1/quartus/libraries/megafunctions/look_add.inc            ;         ;
; alt_stratix_add_sub.inc          ; yes             ; Megafunction                 ; d:/altera/13.0sp1/quartus/libraries/megafunctions/alt_stratix_add_sub.inc ;         ;
; db/add_sub_jgh.tdf               ; yes             ; Auto-Generated Megafunction  ; C:/Users/xuan/Desktop/ap3216c/quartus_prj/db/add_sub_jgh.tdf              ;         ;
; db/add_sub_ngh.tdf               ; yes             ; Auto-Generated Megafunction  ; C:/Users/xuan/Desktop/ap3216c/quartus_prj/db/add_sub_ngh.tdf              ;         ;
; altshift.tdf                     ; yes             ; Megafunction                 ; d:/altera/13.0sp1/quartus/libraries/megafunctions/altshift.tdf            ;         ;
; lpm_divide.tdf                   ; yes             ; Megafunction                 ; d:/altera/13.0sp1/quartus/libraries/megafunctions/lpm_divide.tdf          ;         ;
; abs_divider.inc                  ; yes             ; Megafunction                 ; d:/altera/13.0sp1/quartus/libraries/megafunctions/abs_divider.inc         ;         ;
; sign_div_unsign.inc              ; yes             ; Megafunction                 ; d:/altera/13.0sp1/quartus/libraries/megafunctions/sign_div_unsign.inc     ;         ;
; db/lpm_divide_5jm.tdf            ; yes             ; Auto-Generated Megafunction  ; C:/Users/xuan/Desktop/ap3216c/quartus_prj/db/lpm_divide_5jm.tdf           ;         ;
; db/sign_div_unsign_tlh.tdf       ; yes             ; Auto-Generated Megafunction  ; C:/Users/xuan/Desktop/ap3216c/quartus_prj/db/sign_div_unsign_tlh.tdf      ;         ;
; db/alt_u_div_e7f.tdf             ; yes             ; Auto-Generated Megafunction  ; C:/Users/xuan/Desktop/ap3216c/quartus_prj/db/alt_u_div_e7f.tdf            ;         ;
; db/add_sub_7pc.tdf               ; yes             ; Auto-Generated Megafunction  ; C:/Users/xuan/Desktop/ap3216c/quartus_prj/db/add_sub_7pc.tdf              ;         ;
; db/add_sub_8pc.tdf               ; yes             ; Auto-Generated Megafunction  ; C:/Users/xuan/Desktop/ap3216c/quartus_prj/db/add_sub_8pc.tdf              ;         ;
+----------------------------------+-----------------+------------------------------+---------------------------------------------------------------------------+---------+


+---------------------------------------------------------------+
; Analysis & Synthesis Resource Usage Summary                   ;
+---------------------------------------------+-----------------+
; Resource                                    ; Usage           ;
+---------------------------------------------+-----------------+
; Estimated Total logic elements              ; 690             ;
;                                             ;                 ;
; Total combinational functions               ; 611             ;
; Logic element usage by number of LUT inputs ;                 ;
;     -- 4 input functions                    ; 244             ;
;     -- 3 input functions                    ; 154             ;
;     -- <=2 input functions                  ; 213             ;
;                                             ;                 ;
; Logic elements by mode                      ;                 ;
;     -- normal mode                          ; 472             ;
;     -- arithmetic mode                      ; 139             ;
;                                             ;                 ;
; Total registers                             ; 297             ;
;     -- Dedicated logic registers            ; 297             ;
;     -- I/O registers                        ; 0               ;
;                                             ;                 ;
; I/O pins                                    ; 9               ;
; Embedded Multiplier 9-bit elements          ; 0               ;
; Maximum fan-out node                        ; sys_rst_n~input ;
; Maximum fan-out                             ; 298             ;
; Total fan-out                               ; 2913            ;
; Average fan-out                             ; 3.14            ;
+---------------------------------------------+-----------------+


+-----------------------------------------------------------------------------------------------------------------------------------------------------------------------------------------------------------------------------------------------------------------------------------------------------------------------------------------------+
; Analysis & Synthesis Resource Utilization by Entity                                                                                                                                                                                                                                                                                           ;
+---------------------------------------------------+-------------------+--------------+-------------+--------------+---------+-----------+------+--------------+----------------------------------------------------------------------------------------------------------------------------------------------------------------+--------------+
; Compilation Hierarchy Node                        ; LC Combinationals ; LC Registers ; Memory Bits ; DSP Elements ; DSP 9x9 ; DSP 18x18 ; Pins ; Virtual Pins ; Full Hierarchy Name                                                                                                                                            ; Library Name ;
+---------------------------------------------------+-------------------+--------------+-------------+--------------+---------+-----------+------+--------------+----------------------------------------------------------------------------------------------------------------------------------------------------------------+--------------+
; |ap3216c                                          ; 611 (0)           ; 297 (0)      ; 0           ; 0            ; 0       ; 0         ; 9    ; 0            ; |ap3216c                                                                                                                                                       ; work         ;
;    |ap3216c_ctrl:ap3216c_ctrl_inst|               ; 291 (73)          ; 80 (80)      ; 0           ; 0            ; 0       ; 0         ; 0    ; 0            ; |ap3216c|ap3216c_ctrl:ap3216c_ctrl_inst                                                                                                                        ; work         ;
;       |lpm_divide:Div0|                           ; 170 (0)           ; 0 (0)        ; 0           ; 0            ; 0       ; 0         ; 0    ; 0            ; |ap3216c|ap3216c_ctrl:ap3216c_ctrl_inst|lpm_divide:Div0                                                                                                        ; work         ;
;          |lpm_divide_5jm:auto_generated|          ; 170 (0)           ; 0 (0)        ; 0           ; 0            ; 0       ; 0         ; 0    ; 0            ; |ap3216c|ap3216c_ctrl:ap3216c_ctrl_inst|lpm_divide:Div0|lpm_divide_5jm:auto_generated                                                                          ; work         ;
;             |sign_div_unsign_tlh:divider|         ; 170 (0)           ; 0 (0)        ; 0           ; 0            ; 0       ; 0         ; 0    ; 0            ; |ap3216c|ap3216c_ctrl:ap3216c_ctrl_inst|lpm_divide:Div0|lpm_divide_5jm:auto_generated|sign_div_unsign_tlh:divider                                              ; work         ;
;                |alt_u_div_e7f:divider|            ; 170 (170)         ; 0 (0)        ; 0           ; 0            ; 0       ; 0         ; 0    ; 0            ; |ap3216c|ap3216c_ctrl:ap3216c_ctrl_inst|lpm_divide:Div0|lpm_divide_5jm:auto_generated|sign_div_unsign_tlh:divider|alt_u_div_e7f:divider                        ; work         ;
;       |lpm_mult:Mult0|                            ; 48 (0)            ; 0 (0)        ; 0           ; 0            ; 0       ; 0         ; 0    ; 0            ; |ap3216c|ap3216c_ctrl:ap3216c_ctrl_inst|lpm_mult:Mult0                                                                                                         ; work         ;
;          |multcore:mult_core|                     ; 48 (26)           ; 0 (0)        ; 0           ; 0            ; 0       ; 0         ; 0    ; 0            ; |ap3216c|ap3216c_ctrl:ap3216c_ctrl_inst|lpm_mult:Mult0|multcore:mult_core                                                                                      ; work         ;
;             |mpar_add:padder|                     ; 22 (0)            ; 0 (0)        ; 0           ; 0            ; 0       ; 0         ; 0    ; 0            ; |ap3216c|ap3216c_ctrl:ap3216c_ctrl_inst|lpm_mult:Mult0|multcore:mult_core|mpar_add:padder                                                                      ; work         ;
;                |lpm_add_sub:adder[0]|             ; 10 (0)            ; 0 (0)        ; 0           ; 0            ; 0       ; 0         ; 0    ; 0            ; |ap3216c|ap3216c_ctrl:ap3216c_ctrl_inst|lpm_mult:Mult0|multcore:mult_core|mpar_add:padder|lpm_add_sub:adder[0]                                                 ; work         ;
;                   |add_sub_jgh:auto_generated|    ; 10 (10)           ; 0 (0)        ; 0           ; 0            ; 0       ; 0         ; 0    ; 0            ; |ap3216c|ap3216c_ctrl:ap3216c_ctrl_inst|lpm_mult:Mult0|multcore:mult_core|mpar_add:padder|lpm_add_sub:adder[0]|add_sub_jgh:auto_generated                      ; work         ;
;                |lpm_add_sub:adder[1]|             ; 4 (0)             ; 0 (0)        ; 0           ; 0            ; 0       ; 0         ; 0    ; 0            ; |ap3216c|ap3216c_ctrl:ap3216c_ctrl_inst|lpm_mult:Mult0|multcore:mult_core|mpar_add:padder|lpm_add_sub:adder[1]                                                 ; work         ;
;                   |add_sub_jgh:auto_generated|    ; 4 (4)             ; 0 (0)        ; 0           ; 0            ; 0       ; 0         ; 0    ; 0            ; |ap3216c|ap3216c_ctrl:ap3216c_ctrl_inst|lpm_mult:Mult0|multcore:mult_core|mpar_add:padder|lpm_add_sub:adder[1]|add_sub_jgh:auto_generated                      ; work         ;
;                |mpar_add:sub_par_add|             ; 8 (0)             ; 0 (0)        ; 0           ; 0            ; 0       ; 0         ; 0    ; 0            ; |ap3216c|ap3216c_ctrl:ap3216c_ctrl_inst|lpm_mult:Mult0|multcore:mult_core|mpar_add:padder|mpar_add:sub_par_add                                                 ; work         ;
;                   |lpm_add_sub:adder[0]|          ; 8 (0)             ; 0 (0)        ; 0           ; 0            ; 0       ; 0         ; 0    ; 0            ; |ap3216c|ap3216c_ctrl:ap3216c_ctrl_inst|lpm_mult:Mult0|multcore:mult_core|mpar_add:padder|mpar_add:sub_par_add|lpm_add_sub:adder[0]                            ; work         ;
;                      |add_sub_ngh:auto_generated| ; 8 (8)             ; 0 (0)        ; 0           ; 0            ; 0       ; 0         ; 0    ; 0            ; |ap3216c|ap3216c_ctrl:ap3216c_ctrl_inst|lpm_mult:Mult0|multcore:mult_core|mpar_add:padder|mpar_add:sub_par_add|lpm_add_sub:adder[0]|add_sub_ngh:auto_generated ; work         ;
;    |i2c_ctrl:i2c_ctrl_inst|                       ; 88 (88)           ; 38 (38)      ; 0           ; 0            ; 0       ; 0         ; 0    ; 0            ; |ap3216c|i2c_ctrl:i2c_ctrl_inst                                                                                                                                ; work         ;
;    |key_ctrl:key_ctrl_inst|                       ; 11 (11)           ; 11 (11)      ; 0           ; 0            ; 0       ; 0         ; 0    ; 0            ; |ap3216c|key_ctrl:key_ctrl_inst                                                                                                                                ; work         ;
;    |key_filter:key_filter_inst|                   ; 28 (28)           ; 21 (21)      ; 0           ; 0            ; 0       ; 0         ; 0    ; 0            ; |ap3216c|key_filter:key_filter_inst                                                                                                                            ; work         ;
;    |seg_595_dynamic:seg_595_dynamic_inst|         ; 193 (0)           ; 147 (0)      ; 0           ; 0            ; 0       ; 0         ; 0    ; 0            ; |ap3216c|seg_595_dynamic:seg_595_dynamic_inst                                                                                                                  ; work         ;
;       |hc595_ctrl:hc595_ctrl_inst|                ; 20 (20)           ; 9 (9)        ; 0           ; 0            ; 0       ; 0         ; 0    ; 0            ; |ap3216c|seg_595_dynamic:seg_595_dynamic_inst|hc595_ctrl:hc595_ctrl_inst                                                                                       ; work         ;
;       |seg_dynamic:seg_dynamic_inst|              ; 173 (83)          ; 138 (65)     ; 0           ; 0            ; 0       ; 0         ; 0    ; 0            ; |ap3216c|seg_595_dynamic:seg_595_dynamic_inst|seg_dynamic:seg_dynamic_inst                                                                                     ; work         ;
;          |bcd_8421:bcd_8421_inst|                 ; 90 (90)           ; 73 (73)      ; 0           ; 0            ; 0       ; 0         ; 0    ; 0            ; |ap3216c|seg_595_dynamic:seg_595_dynamic_inst|seg_dynamic:seg_dynamic_inst|bcd_8421:bcd_8421_inst                                                              ; work         ;
+---------------------------------------------------+-------------------+--------------+-------------+--------------+---------+-----------+------+--------------+----------------------------------------------------------------------------------------------------------------------------------------------------------------+--------------+
Note: For table entries with two numbers listed, the numbers in parentheses indicate the number of resources of the given type used by the specific entity alone. The numbers listed outside of parentheses indicate the total resources of the given type used by the specific entity and all of its sub-entities in the hierarchy.


Encoding Type:  One-Hot
+----------------------------------------------------------------------------------------------------------------------------------------------------------------------------------------------------------------------------------------------------------------------------------------+
; State Machine - |ap3216c|i2c_ctrl:i2c_ctrl_inst|state                                                                                                                                                                                                                                  ;
+---------------------+------------+-------------+---------------+-------------+--------------------+---------------+-------------+---------------+-------------+---------------------+-------------+---------------------+-------------+-------------------+---------------+------------+
; Name                ; state.STOP ; state.N_ACK ; state.RD_DATA ; state.ACK_5 ; state.SEND_RD_ADDR ; state.START_2 ; state.ACK_4 ; state.WR_DATA ; state.ACK_3 ; state.SEND_B_ADDR_L ; state.ACK_2 ; state.SEND_B_ADDR_H ; state.ACK_1 ; state.SEND_D_ADDR ; state.START_1 ; state.IDLE ;
+---------------------+------------+-------------+---------------+-------------+--------------------+---------------+-------------+---------------+-------------+---------------------+-------------+---------------------+-------------+-------------------+---------------+------------+
; state.IDLE          ; 0          ; 0           ; 0             ; 0           ; 0                  ; 0             ; 0           ; 0             ; 0           ; 0                   ; 0           ; 0                   ; 0           ; 0                 ; 0             ; 0          ;
; state.START_1       ; 0          ; 0           ; 0             ; 0           ; 0                  ; 0             ; 0           ; 0             ; 0           ; 0                   ; 0           ; 0                   ; 0           ; 0                 ; 1             ; 1          ;
; state.SEND_D_ADDR   ; 0          ; 0           ; 0             ; 0           ; 0                  ; 0             ; 0           ; 0             ; 0           ; 0                   ; 0           ; 0                   ; 0           ; 1                 ; 0             ; 1          ;
; state.ACK_1         ; 0          ; 0           ; 0             ; 0           ; 0                  ; 0             ; 0           ; 0             ; 0           ; 0                   ; 0           ; 0                   ; 1           ; 0                 ; 0             ; 1          ;
; state.SEND_B_ADDR_H ; 0          ; 0           ; 0             ; 0           ; 0                  ; 0             ; 0           ; 0             ; 0           ; 0                   ; 0           ; 1                   ; 0           ; 0                 ; 0             ; 1          ;
; state.ACK_2         ; 0          ; 0           ; 0             ; 0           ; 0                  ; 0             ; 0           ; 0             ; 0           ; 0                   ; 1           ; 0                   ; 0           ; 0                 ; 0             ; 1          ;
; state.SEND_B_ADDR_L ; 0          ; 0           ; 0             ; 0           ; 0                  ; 0             ; 0           ; 0             ; 0           ; 1                   ; 0           ; 0                   ; 0           ; 0                 ; 0             ; 1          ;
; state.ACK_3         ; 0          ; 0           ; 0             ; 0           ; 0                  ; 0             ; 0           ; 0             ; 1           ; 0                   ; 0           ; 0                   ; 0           ; 0                 ; 0             ; 1          ;
; state.WR_DATA       ; 0          ; 0           ; 0             ; 0           ; 0                  ; 0             ; 0           ; 1             ; 0           ; 0                   ; 0           ; 0                   ; 0           ; 0                 ; 0             ; 1          ;
; state.ACK_4         ; 0          ; 0           ; 0             ; 0           ; 0                  ; 0             ; 1           ; 0             ; 0           ; 0                   ; 0           ; 0                   ; 0           ; 0                 ; 0             ; 1          ;
; state.START_2       ; 0          ; 0           ; 0             ; 0           ; 0                  ; 1             ; 0           ; 0             ; 0           ; 0                   ; 0           ; 0                   ; 0           ; 0                 ; 0             ; 1          ;
; state.SEND_RD_ADDR  ; 0          ; 0           ; 0             ; 0           ; 1                  ; 0             ; 0           ; 0             ; 0           ; 0                   ; 0           ; 0                   ; 0           ; 0                 ; 0             ; 1          ;
; state.ACK_5         ; 0          ; 0           ; 0             ; 1           ; 0                  ; 0             ; 0           ; 0             ; 0           ; 0                   ; 0           ; 0                   ; 0           ; 0                 ; 0             ; 1          ;
; state.RD_DATA       ; 0          ; 0           ; 1             ; 0           ; 0                  ; 0             ; 0           ; 0             ; 0           ; 0                   ; 0           ; 0                   ; 0           ; 0                 ; 0             ; 1          ;
; state.N_ACK         ; 0          ; 1           ; 0             ; 0           ; 0                  ; 0             ; 0           ; 0             ; 0           ; 0                   ; 0           ; 0                   ; 0           ; 0                 ; 0             ; 1          ;
; state.STOP          ; 1          ; 0           ; 0             ; 0           ; 0                  ; 0             ; 0           ; 0             ; 0           ; 0                   ; 0           ; 0                   ; 0           ; 0                 ; 0             ; 1          ;
+---------------------+------------+-------------+---------------+-------------+--------------------+---------------+-------------+---------------+-------------+---------------------+-------------+---------------------+-------------+-------------------+---------------+------------+


Encoding Type:  One-Hot
+-----------------------------------------------------------------------------------------------------------------------------------------------------------------------+
; State Machine - |ap3216c|ap3216c_ctrl:ap3216c_ctrl_inst|state                                                                                                         ;
+-------------------+-------------------+------------------+------------------+------------------+-----------------+-------------+------------------+-------------------+
; Name              ; state.S_RD_ALS_L8 ; state.S_WAIT_ALS ; state.S_RD_PS_H6 ; state.S_RD_PS_L4 ; state.S_WAIT_PS ; state.S_CFG ; state.S_WAIT_1MS ; state.S_RD_ALS_H8 ;
+-------------------+-------------------+------------------+------------------+------------------+-----------------+-------------+------------------+-------------------+
; state.S_WAIT_1MS  ; 0                 ; 0                ; 0                ; 0                ; 0               ; 0           ; 0                ; 0                 ;
; state.S_CFG       ; 0                 ; 0                ; 0                ; 0                ; 0               ; 1           ; 1                ; 0                 ;
; state.S_WAIT_PS   ; 0                 ; 0                ; 0                ; 0                ; 1               ; 0           ; 1                ; 0                 ;
; state.S_RD_PS_L4  ; 0                 ; 0                ; 0                ; 1                ; 0               ; 0           ; 1                ; 0                 ;
; state.S_RD_PS_H6  ; 0                 ; 0                ; 1                ; 0                ; 0               ; 0           ; 1                ; 0                 ;
; state.S_WAIT_ALS  ; 0                 ; 1                ; 0                ; 0                ; 0               ; 0           ; 1                ; 0                 ;
; state.S_RD_ALS_L8 ; 1                 ; 0                ; 0                ; 0                ; 0               ; 0           ; 1                ; 0                 ;
; state.S_RD_ALS_H8 ; 0                 ; 0                ; 0                ; 0                ; 0               ; 0           ; 1                ; 1                 ;
+-------------------+-------------------+------------------+------------------+------------------+-----------------+-------------+------------------+-------------------+


+---------------------------------------------------------------------------------------------------------------------+
; User-Specified and Inferred Latches                                                                                 ;
+-----------------------------------------------------+--------------------------------------+------------------------+
; Latch Name                                          ; Latch Enable Signal                  ; Free of Timing Hazards ;
+-----------------------------------------------------+--------------------------------------+------------------------+
; i2c_ctrl:i2c_ctrl_inst|ack                          ; i2c_ctrl:i2c_ctrl_inst|Equal4        ; yes                    ;
; i2c_ctrl:i2c_ctrl_inst|i2c_sda_reg                  ; i2c_ctrl:i2c_ctrl_inst|state.RD_DATA ; yes                    ;
; i2c_ctrl:i2c_ctrl_inst|rd_data_reg[5]               ; i2c_ctrl:i2c_ctrl_inst|Selector22    ; yes                    ;
; i2c_ctrl:i2c_ctrl_inst|rd_data_reg[4]               ; i2c_ctrl:i2c_ctrl_inst|Selector23    ; yes                    ;
; i2c_ctrl:i2c_ctrl_inst|rd_data_reg[3]               ; i2c_ctrl:i2c_ctrl_inst|Selector24    ; yes                    ;
; i2c_ctrl:i2c_ctrl_inst|rd_data_reg[2]               ; i2c_ctrl:i2c_ctrl_inst|Selector25    ; yes                    ;
; i2c_ctrl:i2c_ctrl_inst|rd_data_reg[1]               ; i2c_ctrl:i2c_ctrl_inst|Selector27    ; yes                    ;
; i2c_ctrl:i2c_ctrl_inst|rd_data_reg[7]               ; i2c_ctrl:i2c_ctrl_inst|Selector2     ; yes                    ;
; i2c_ctrl:i2c_ctrl_inst|rd_data_reg[6]               ; i2c_ctrl:i2c_ctrl_inst|Selector20    ; yes                    ;
; i2c_ctrl:i2c_ctrl_inst|rd_data_reg[0]               ; i2c_ctrl:i2c_ctrl_inst|Selector28    ; yes                    ;
; Number of user-specified and inferred latches = 10  ;                                      ;                        ;
+-----------------------------------------------------+--------------------------------------+------------------------+
Note: All latches listed above may not be present at the end of synthesis due to various synthesis optimizations.


+--------------------------------------------------------------------------------------------------------------------------------------------------------------------------------------------+
; Registers Removed During Synthesis                                                                                                                                                         ;
+-----------------------------------------------------------------------------------------------------+--------------------------------------------------------------------------------------+
; Register name                                                                                       ; Reason for Removal                                                                   ;
+-----------------------------------------------------------------------------------------------------+--------------------------------------------------------------------------------------+
; key_ctrl:key_ctrl_inst|data_out[16..19]                                                             ; Stuck at GND due to stuck port data_in                                               ;
; ap3216c_ctrl:ap3216c_ctrl_inst|byte_addr[4..15]                                                     ; Stuck at GND due to stuck port data_in                                               ;
; ap3216c_ctrl:ap3216c_ctrl_inst|wr_data[2..7]                                                        ; Stuck at GND due to stuck port data_in                                               ;
; ap3216c_ctrl:ap3216c_ctrl_inst|wr_data[0,1]                                                         ; Merged with ap3216c_ctrl:ap3216c_ctrl_inst|wr_en                                     ;
; ap3216c_ctrl:ap3216c_ctrl_inst|byte_addr[2]                                                         ; Merged with ap3216c_ctrl:ap3216c_ctrl_inst|byte_addr[3]                              ;
; seg_595_dynamic:seg_595_dynamic_inst|seg_dynamic:seg_dynamic_inst|dot_disp                          ; Stuck at VCC due to stuck port data_in                                               ;
; seg_595_dynamic:seg_595_dynamic_inst|seg_dynamic:seg_dynamic_inst|seg[7]                            ; Stuck at VCC due to stuck port data_in                                               ;
; seg_595_dynamic:seg_595_dynamic_inst|seg_dynamic:seg_dynamic_inst|bcd_8421:bcd_8421_inst|shift_flag ; Merged with seg_595_dynamic:seg_595_dynamic_inst|hc595_ctrl:hc595_ctrl_inst|cnt_4[0] ;
; i2c_ctrl:i2c_ctrl_inst|state~4                                                                      ; Lost fanout                                                                          ;
; i2c_ctrl:i2c_ctrl_inst|state~5                                                                      ; Lost fanout                                                                          ;
; i2c_ctrl:i2c_ctrl_inst|state~6                                                                      ; Lost fanout                                                                          ;
; i2c_ctrl:i2c_ctrl_inst|state~7                                                                      ; Lost fanout                                                                          ;
; ap3216c_ctrl:ap3216c_ctrl_inst|state~4                                                              ; Lost fanout                                                                          ;
; ap3216c_ctrl:ap3216c_ctrl_inst|state~5                                                              ; Lost fanout                                                                          ;
; ap3216c_ctrl:ap3216c_ctrl_inst|state~6                                                              ; Lost fanout                                                                          ;
; i2c_ctrl:i2c_ctrl_inst|state.SEND_B_ADDR_H                                                          ; Stuck at GND due to stuck port data_in                                               ;
; i2c_ctrl:i2c_ctrl_inst|state.ACK_2                                                                  ; Stuck at GND due to stuck port data_in                                               ;
; seg_595_dynamic:seg_595_dynamic_inst|seg_dynamic:seg_dynamic_inst|cnt_1ms[0]                        ; Merged with seg_595_dynamic:seg_595_dynamic_inst|hc595_ctrl:hc595_ctrl_inst|cnt_4[0] ;
; seg_595_dynamic:seg_595_dynamic_inst|seg_dynamic:seg_dynamic_inst|cnt_1ms[1]                        ; Merged with seg_595_dynamic:seg_595_dynamic_inst|hc595_ctrl:hc595_ctrl_inst|cnt_4[1] ;
; ap3216c_ctrl:ap3216c_ctrl_inst|als_data[10..15]                                                     ; Stuck at GND due to stuck port data_in                                               ;
; key_ctrl:key_ctrl_inst|data_out[10..15]                                                             ; Stuck at GND due to stuck port data_in                                               ;
; Total Number of Removed Registers = 51                                                              ;                                                                                      ;
+-----------------------------------------------------------------------------------------------------+--------------------------------------------------------------------------------------+


+-----------------------------------------------------------------------------------------------------------------------------------------------------------------------------------+
; Removed Registers Triggering Further Register Optimizations                                                                                                                       ;
+----------------------------------------------------------------------------+---------------------------+--------------------------------------------------------------------------+
; Register name                                                              ; Reason for Removal        ; Registers Removed due to This Register                                   ;
+----------------------------------------------------------------------------+---------------------------+--------------------------------------------------------------------------+
; seg_595_dynamic:seg_595_dynamic_inst|seg_dynamic:seg_dynamic_inst|dot_disp ; Stuck at VCC              ; seg_595_dynamic:seg_595_dynamic_inst|seg_dynamic:seg_dynamic_inst|seg[7] ;
;                                                                            ; due to stuck port data_in ;                                                                          ;
; i2c_ctrl:i2c_ctrl_inst|state.SEND_B_ADDR_H                                 ; Stuck at GND              ; i2c_ctrl:i2c_ctrl_inst|state.ACK_2                                       ;
;                                                                            ; due to stuck port data_in ;                                                                          ;
; ap3216c_ctrl:ap3216c_ctrl_inst|als_data[15]                                ; Stuck at GND              ; key_ctrl:key_ctrl_inst|data_out[15]                                      ;
;                                                                            ; due to stuck port data_in ;                                                                          ;
; ap3216c_ctrl:ap3216c_ctrl_inst|als_data[14]                                ; Stuck at GND              ; key_ctrl:key_ctrl_inst|data_out[14]                                      ;
;                                                                            ; due to stuck port data_in ;                                                                          ;
; ap3216c_ctrl:ap3216c_ctrl_inst|als_data[13]                                ; Stuck at GND              ; key_ctrl:key_ctrl_inst|data_out[13]                                      ;
;                                                                            ; due to stuck port data_in ;                                                                          ;
; ap3216c_ctrl:ap3216c_ctrl_inst|als_data[12]                                ; Stuck at GND              ; key_ctrl:key_ctrl_inst|data_out[12]                                      ;
;                                                                            ; due to stuck port data_in ;                                                                          ;
; ap3216c_ctrl:ap3216c_ctrl_inst|als_data[11]                                ; Stuck at GND              ; key_ctrl:key_ctrl_inst|data_out[11]                                      ;
;                                                                            ; due to stuck port data_in ;                                                                          ;
; ap3216c_ctrl:ap3216c_ctrl_inst|als_data[10]                                ; Stuck at GND              ; key_ctrl:key_ctrl_inst|data_out[10]                                      ;
;                                                                            ; due to stuck port data_in ;                                                                          ;
+----------------------------------------------------------------------------+---------------------------+--------------------------------------------------------------------------+


+------------------------------------------------------+
; General Register Statistics                          ;
+----------------------------------------------+-------+
; Statistic                                    ; Value ;
+----------------------------------------------+-------+
; Total registers                              ; 297   ;
; Number of registers using Synchronous Clear  ; 38    ;
; Number of registers using Synchronous Load   ; 0     ;
; Number of registers using Asynchronous Clear ; 297   ;
; Number of registers using Asynchronous Load  ; 0     ;
; Number of registers using Clock Enable       ; 141   ;
; Number of registers using Preset             ; 0     ;
+----------------------------------------------+-------+


+------------------------------------------------------------------------------------+
; Inverted Register Statistics                                                       ;
+--------------------------------------------------------------------------+---------+
; Inverted Register                                                        ; Fan out ;
+--------------------------------------------------------------------------+---------+
; i2c_ctrl:i2c_ctrl_inst|i2c_clk                                           ; 110     ;
; seg_595_dynamic:seg_595_dynamic_inst|seg_dynamic:seg_dynamic_inst|seg[1] ; 1       ;
; seg_595_dynamic:seg_595_dynamic_inst|seg_dynamic:seg_dynamic_inst|seg[0] ; 1       ;
; seg_595_dynamic:seg_595_dynamic_inst|seg_dynamic:seg_dynamic_inst|seg[3] ; 1       ;
; seg_595_dynamic:seg_595_dynamic_inst|seg_dynamic:seg_dynamic_inst|seg[2] ; 1       ;
; seg_595_dynamic:seg_595_dynamic_inst|seg_dynamic:seg_dynamic_inst|seg[5] ; 1       ;
; seg_595_dynamic:seg_595_dynamic_inst|seg_dynamic:seg_dynamic_inst|seg[4] ; 1       ;
; seg_595_dynamic:seg_595_dynamic_inst|seg_dynamic:seg_dynamic_inst|seg[6] ; 1       ;
; Total number of inverted registers = 8                                   ;         ;
+--------------------------------------------------------------------------+---------+


+--------------------------------------------------------------------------------------------------------------------------------------------------------------------------------------------------------------------------------+
; Multiplexer Restructuring Statistics (Restructuring Performed)                                                                                                                                                                 ;
+--------------------+-----------+---------------+----------------------+------------------------+------------+------------------------------------------------------------------------------------------------------------------+
; Multiplexer Inputs ; Bus Width ; Baseline Area ; Area if Restructured ; Saving if Restructured ; Registered ; Example Multiplexer Output                                                                                       ;
+--------------------+-----------+---------------+----------------------+------------------------+------------+------------------------------------------------------------------------------------------------------------------+
; 3:1                ; 4 bits    ; 8 LEs         ; 4 LEs                ; 4 LEs                  ; Yes        ; |ap3216c|seg_595_dynamic:seg_595_dynamic_inst|hc595_ctrl:hc595_ctrl_inst|cnt_bit[3]                              ;
; 3:1                ; 5 bits    ; 10 LEs        ; 5 LEs                ; 5 LEs                  ; Yes        ; |ap3216c|seg_595_dynamic:seg_595_dynamic_inst|seg_dynamic:seg_dynamic_inst|sel_reg[1]                            ;
; 3:1                ; 4 bits    ; 8 LEs         ; 4 LEs                ; 4 LEs                  ; Yes        ; |ap3216c|seg_595_dynamic:seg_595_dynamic_inst|seg_dynamic:seg_dynamic_inst|bcd_8421:bcd_8421_inst|data_shift[18] ;
; 3:1                ; 15 bits   ; 30 LEs        ; 15 LEs               ; 15 LEs                 ; Yes        ; |ap3216c|seg_595_dynamic:seg_595_dynamic_inst|seg_dynamic:seg_dynamic_inst|bcd_8421:bcd_8421_inst|data_shift[9]  ;
; 4:1                ; 3 bits    ; 6 LEs         ; 3 LEs                ; 3 LEs                  ; Yes        ; |ap3216c|i2c_ctrl:i2c_ctrl_inst|cnt_bit[1]                                                                       ;
; 8:1                ; 4 bits    ; 20 LEs        ; 16 LEs               ; 4 LEs                  ; Yes        ; |ap3216c|seg_595_dynamic:seg_595_dynamic_inst|seg_dynamic:seg_dynamic_inst|data_disp[3]                          ;
; 3:1                ; 20 bits   ; 40 LEs        ; 20 LEs               ; 20 LEs                 ; Yes        ; |ap3216c|key_filter:key_filter_inst|cnt_20ms[0]                                                                  ;
; 5:1                ; 4 bits    ; 12 LEs        ; 8 LEs                ; 4 LEs                  ; Yes        ; |ap3216c|seg_595_dynamic:seg_595_dynamic_inst|seg_dynamic:seg_dynamic_inst|bcd_8421:bcd_8421_inst|data_shift[43] ;
; 5:1                ; 4 bits    ; 12 LEs        ; 8 LEs                ; 4 LEs                  ; Yes        ; |ap3216c|seg_595_dynamic:seg_595_dynamic_inst|seg_dynamic:seg_dynamic_inst|bcd_8421:bcd_8421_inst|data_shift[36] ;
; 5:1                ; 4 bits    ; 12 LEs        ; 8 LEs                ; 4 LEs                  ; Yes        ; |ap3216c|seg_595_dynamic:seg_595_dynamic_inst|seg_dynamic:seg_dynamic_inst|bcd_8421:bcd_8421_inst|data_shift[32] ;
; 5:1                ; 4 bits    ; 12 LEs        ; 8 LEs                ; 4 LEs                  ; Yes        ; |ap3216c|seg_595_dynamic:seg_595_dynamic_inst|seg_dynamic:seg_dynamic_inst|bcd_8421:bcd_8421_inst|data_shift[28] ;
; 5:1                ; 4 bits    ; 12 LEs        ; 8 LEs                ; 4 LEs                  ; Yes        ; |ap3216c|seg_595_dynamic:seg_595_dynamic_inst|seg_dynamic:seg_dynamic_inst|bcd_8421:bcd_8421_inst|data_shift[26] ;
; 5:1                ; 4 bits    ; 12 LEs        ; 8 LEs                ; 4 LEs                  ; Yes        ; |ap3216c|seg_595_dynamic:seg_595_dynamic_inst|seg_dynamic:seg_dynamic_inst|bcd_8421:bcd_8421_inst|data_shift[20] ;
; 3:1                ; 2 bits    ; 4 LEs         ; 4 LEs                ; 0 LEs                  ; No         ; |ap3216c|i2c_ctrl:i2c_ctrl_inst|state                                                                            ;
+--------------------+-----------+---------------+----------------------+------------------------+------------+------------------------------------------------------------------------------------------------------------------+


+----------------------------------------------------------------------------------------------------------------+
; Parameter Settings for User Entity Instance: seg_595_dynamic:seg_595_dynamic_inst|seg_dynamic:seg_dynamic_inst ;
+----------------+------------------+----------------------------------------------------------------------------+
; Parameter Name ; Value            ; Type                                                                       ;
+----------------+------------------+----------------------------------------------------------------------------+
; CNT_MAX        ; 1100001101001111 ; Unsigned Binary                                                            ;
+----------------+------------------+----------------------------------------------------------------------------+
Note: In order to hide this table in the UI and the text report file, please set the "Show Parameter Settings in Synthesis Report" option in "Analysis and Synthesis Settings -> More Settings" to "Off".


+-----------------------------------------------------------------------------+
; Parameter Settings for User Entity Instance: ap3216c_ctrl:ap3216c_ctrl_inst ;
+----------------+--------+---------------------------------------------------+
; Parameter Name ; Value  ; Type                                              ;
+----------------+--------+---------------------------------------------------+
; S_WAIT_1MS     ; 0001   ; Unsigned Binary                                   ;
; S_CFG          ; 0010   ; Unsigned Binary                                   ;
; S_WAIT_PS      ; 0011   ; Unsigned Binary                                   ;
; S_RD_PS_L4     ; 0100   ; Unsigned Binary                                   ;
; S_RD_PS_H6     ; 0101   ; Unsigned Binary                                   ;
; S_WAIT_ALS     ; 0110   ; Unsigned Binary                                   ;
; S_RD_ALS_L8    ; 0111   ; Unsigned Binary                                   ;
; S_RD_ALS_H8    ; 1000   ; Unsigned Binary                                   ;
; CNT_WAIT_ALS   ; 200000 ; Signed Integer                                    ;
; CNT_WAIT_PS    ; 50000  ; Signed Integer                                    ;
; CNT_WAIT_1MS   ; 1000   ; Signed Integer                                    ;
+----------------+--------+---------------------------------------------------+
Note: In order to hide this table in the UI and the text report file, please set the "Show Parameter Settings in Synthesis Report" option in "Analysis and Synthesis Settings -> More Settings" to "Off".


+---------------------------------------------------------------------+
; Parameter Settings for User Entity Instance: i2c_ctrl:i2c_ctrl_inst ;
+----------------+----------------------------+-----------------------+
; Parameter Name ; Value                      ; Type                  ;
+----------------+----------------------------+-----------------------+
; DEVICE_ADDR    ; 0011110                    ; Unsigned Binary       ;
; SYS_CLK_FREQ   ; 10111110101111000010000000 ; Unsigned Binary       ;
; SCL_FREQ       ; 111101000010010000         ; Unsigned Binary       ;
+----------------+----------------------------+-----------------------+
Note: In order to hide this table in the UI and the text report file, please set the "Show Parameter Settings in Synthesis Report" option in "Analysis and Synthesis Settings -> More Settings" to "Off".


+-------------------------------------------------------------------------+
; Parameter Settings for User Entity Instance: key_filter:key_filter_inst ;
+----------------+--------------------------+-----------------------------+
; Parameter Name ; Value                    ; Type                        ;
+----------------+--------------------------+-----------------------------+
; CNT_MAX        ; 000011110100001000111111 ; Unsigned Binary             ;
+----------------+--------------------------+-----------------------------+
Note: In order to hide this table in the UI and the text report file, please set the "Show Parameter Settings in Synthesis Report" option in "Analysis and Synthesis Settings -> More Settings" to "Off".


+------------------------------------------------------------------------------------------------+
; Parameter Settings for Inferred Entity Instance: ap3216c_ctrl:ap3216c_ctrl_inst|lpm_mult:Mult0 ;
+------------------------------------------------+--------------+--------------------------------+
; Parameter Name                                 ; Value        ; Type                           ;
+------------------------------------------------+--------------+--------------------------------+
; AUTO_CARRY_CHAINS                              ; ON           ; AUTO_CARRY                     ;
; IGNORE_CARRY_BUFFERS                           ; OFF          ; IGNORE_CARRY                   ;
; AUTO_CASCADE_CHAINS                            ; ON           ; AUTO_CASCADE                   ;
; IGNORE_CASCADE_BUFFERS                         ; OFF          ; IGNORE_CASCADE                 ;
; LPM_WIDTHA                                     ; 16           ; Untyped                        ;
; LPM_WIDTHB                                     ; 6            ; Untyped                        ;
; LPM_WIDTHP                                     ; 22           ; Untyped                        ;
; LPM_WIDTHR                                     ; 22           ; Untyped                        ;
; LPM_WIDTHS                                     ; 1            ; Untyped                        ;
; LPM_REPRESENTATION                             ; UNSIGNED     ; Untyped                        ;
; LPM_PIPELINE                                   ; 0            ; Untyped                        ;
; LATENCY                                        ; 0            ; Untyped                        ;
; INPUT_A_IS_CONSTANT                            ; NO           ; Untyped                        ;
; INPUT_B_IS_CONSTANT                            ; YES          ; Untyped                        ;
; USE_EAB                                        ; OFF          ; Untyped                        ;
; MAXIMIZE_SPEED                                 ; 6            ; Untyped                        ;
; DEVICE_FAMILY                                  ; Cyclone IV E ; Untyped                        ;
; CARRY_CHAIN                                    ; MANUAL       ; Untyped                        ;
; APEX20K_TECHNOLOGY_MAPPER                      ; LUT          ; TECH_MAPPER_APEX20K            ;
; DEDICATED_MULTIPLIER_CIRCUITRY                 ; AUTO         ; Untyped                        ;
; DEDICATED_MULTIPLIER_MIN_INPUT_WIDTH_FOR_AUTO  ; 0            ; Untyped                        ;
; DEDICATED_MULTIPLIER_MIN_OUTPUT_WIDTH_FOR_AUTO ; 0            ; Untyped                        ;
; CBXI_PARAMETER                                 ; NOTHING      ; Untyped                        ;
; INPUT_A_FIXED_VALUE                            ; Bx           ; Untyped                        ;
; INPUT_B_FIXED_VALUE                            ; Bx           ; Untyped                        ;
; USE_AHDL_IMPLEMENTATION                        ; OFF          ; Untyped                        ;
+------------------------------------------------+--------------+--------------------------------+
Note: In order to hide this table in the UI and the text report file, please set the "Show Parameter Settings in Synthesis Report" option in "Analysis and Synthesis Settings -> More Settings" to "Off".


+-------------------------------------------------------------------------------------------------+
; Parameter Settings for Inferred Entity Instance: ap3216c_ctrl:ap3216c_ctrl_inst|lpm_divide:Div0 ;
+------------------------+----------------+-------------------------------------------------------+
; Parameter Name         ; Value          ; Type                                                  ;
+------------------------+----------------+-------------------------------------------------------+
; LPM_WIDTHN             ; 16             ; Untyped                                               ;
; LPM_WIDTHD             ; 7              ; Untyped                                               ;
; LPM_NREPRESENTATION    ; UNSIGNED       ; Untyped                                               ;
; LPM_DREPRESENTATION    ; UNSIGNED       ; Untyped                                               ;
; LPM_PIPELINE           ; 0              ; Untyped                                               ;
; LPM_REMAINDERPOSITIVE  ; TRUE           ; Untyped                                               ;
; MAXIMIZE_SPEED         ; 5              ; Untyped                                               ;
; CBXI_PARAMETER         ; lpm_divide_5jm ; Untyped                                               ;
; CARRY_CHAIN            ; MANUAL         ; Untyped                                               ;
; OPTIMIZE_FOR_SPEED     ; 5              ; Untyped                                               ;
; AUTO_CARRY_CHAINS      ; ON             ; AUTO_CARRY                                            ;
; IGNORE_CARRY_BUFFERS   ; OFF            ; IGNORE_CARRY                                          ;
; AUTO_CASCADE_CHAINS    ; ON             ; AUTO_CASCADE                                          ;
; IGNORE_CASCADE_BUFFERS ; OFF            ; IGNORE_CASCADE                                        ;
+------------------------+----------------+-------------------------------------------------------+
Note: In order to hide this table in the UI and the text report file, please set the "Show Parameter Settings in Synthesis Report" option in "Analysis and Synthesis Settings -> More Settings" to "Off".


+---------------------------------------------------------------------------------------+
; lpm_mult Parameter Settings by Entity Instance                                        ;
+---------------------------------------+-----------------------------------------------+
; Name                                  ; Value                                         ;
+---------------------------------------+-----------------------------------------------+
; Number of entity instances            ; 1                                             ;
; Entity Instance                       ; ap3216c_ctrl:ap3216c_ctrl_inst|lpm_mult:Mult0 ;
;     -- LPM_WIDTHA                     ; 16                                            ;
;     -- LPM_WIDTHB                     ; 6                                             ;
;     -- LPM_WIDTHP                     ; 22                                            ;
;     -- LPM_REPRESENTATION             ; UNSIGNED                                      ;
;     -- INPUT_A_IS_CONSTANT            ; NO                                            ;
;     -- INPUT_B_IS_CONSTANT            ; YES                                           ;
;     -- USE_EAB                        ; OFF                                           ;
;     -- DEDICATED_MULTIPLIER_CIRCUITRY ; AUTO                                          ;
;     -- INPUT_A_FIXED_VALUE            ; Bx                                            ;
;     -- INPUT_B_FIXED_VALUE            ; Bx                                            ;
+---------------------------------------+-----------------------------------------------+


+----------------------------------------------------+
; Port Connectivity Checks: "i2c_ctrl:i2c_ctrl_inst" ;
+----------+-------+----------+----------------------+
; Port     ; Type  ; Severity ; Details              ;
+----------+-------+----------+----------------------+
; addr_num ; Input ; Info     ; Stuck at GND         ;
+----------+-------+----------+----------------------+


+------------------------------------------------------------------+
; Port Connectivity Checks: "seg_595_dynamic:seg_595_dynamic_inst" ;
+--------+-------+----------+--------------------------------------+
; Port   ; Type  ; Severity ; Details                              ;
+--------+-------+----------+--------------------------------------+
; point  ; Input ; Info     ; Stuck at GND                         ;
; seg_en ; Input ; Info     ; Stuck at VCC                         ;
; sign   ; Input ; Info     ; Stuck at GND                         ;
+--------+-------+----------+--------------------------------------+


+-------------------------------+
; Elapsed Time Per Partition    ;
+----------------+--------------+
; Partition Name ; Elapsed Time ;
+----------------+--------------+
; Top            ; 00:00:01     ;
+----------------+--------------+


+-------------------------------+
; Analysis & Synthesis Messages ;
+-------------------------------+
Info: *******************************************************************
Info: Running Quartus II 64-Bit Analysis & Synthesis
    Info: Version 13.0.1 Build 232 06/12/2013 Service Pack 1 SJ Full Version
    Info: Processing started: Tue Jun 09 17:30:08 2026
Info: Command: quartus_map --read_settings_files=on --write_settings_files=off ap3216c -c ap3216c
Info (20030): Parallel compilation is enabled and will use 16 of the 16 processors detected
Info (12021): Found 1 design units, including 1 entities, in source file /users/xuan/desktop/ap3216c/rtl/hc595.v
    Info (12023): Found entity 1: hc595_ctrl
Info (12021): Found 1 design units, including 1 entities, in source file /users/xuan/desktop/ap3216c/rtl/bcd_8421.v
    Info (12023): Found entity 1: bcd_8421
Info (12021): Found 1 design units, including 1 entities, in source file /users/xuan/desktop/ap3216c/rtl/seg_dynamic.v
    Info (12023): Found entity 1: seg_dynamic
Info (12021): Found 1 design units, including 1 entities, in source file /users/xuan/desktop/ap3216c/rtl/seg_595_dynamic.v
    Info (12023): Found entity 1: seg_595_dynamic
Info (12021): Found 1 design units, including 1 entities, in source file /users/xuan/desktop/ap3216c/rtl/key_filter.v
    Info (12023): Found entity 1: key_filter
Info (12021): Found 1 design units, including 1 entities, in source file /users/xuan/desktop/ap3216c/rtl/key_ctrl.v
    Info (12023): Found entity 1: key_ctrl
Info (12021): Found 1 design units, including 1 entities, in source file /users/xuan/desktop/ap3216c/rtl/i2c_ctrl.v
    Info (12023): Found entity 1: i2c_ctrl
Info (12021): Found 1 design units, including 1 entities, in source file /users/xuan/desktop/ap3216c/rtl/ap3216c_ctrl.v
    Info (12023): Found entity 1: ap3216c_ctrl
Info (12021): Found 1 design units, including 1 entities, in source file /users/xuan/desktop/ap3216c/rtl/ap3216c.v
    Info (12023): Found entity 1: ap3216c
Warning (10222): Verilog HDL Parameter Declaration warning at i2c_ctrl.v(26): Parameter Declaration in module "i2c_ctrl" behaves as a Local Parameter Declaration because the module has a Module Parameter Port List
Warning (10222): Verilog HDL Parameter Declaration warning at i2c_ctrl.v(28): Parameter Declaration in module "i2c_ctrl" behaves as a Local Parameter Declaration because the module has a Module Parameter Port List
Warning (10222): Verilog HDL Parameter Declaration warning at i2c_ctrl.v(44): Parameter Declaration in module "i2c_ctrl" behaves as a Local Parameter Declaration because the module has a Module Parameter Port List
Info (12127): Elaborating entity "ap3216c" for the top level hierarchy
Info (12128): Elaborating entity "seg_595_dynamic" for hierarchy "seg_595_dynamic:seg_595_dynamic_inst"
Info (12128): Elaborating entity "seg_dynamic" for hierarchy "seg_595_dynamic:seg_595_dynamic_inst|seg_dynamic:seg_dynamic_inst"
Info (12128): Elaborating entity "bcd_8421" for hierarchy "seg_595_dynamic:seg_595_dynamic_inst|seg_dynamic:seg_dynamic_inst|bcd_8421:bcd_8421_inst"
Info (12128): Elaborating entity "hc595_ctrl" for hierarchy "seg_595_dynamic:seg_595_dynamic_inst|hc595_ctrl:hc595_ctrl_inst"
Info (12128): Elaborating entity "ap3216c_ctrl" for hierarchy "ap3216c_ctrl:ap3216c_ctrl_inst"
Info (12128): Elaborating entity "i2c_ctrl" for hierarchy "i2c_ctrl:i2c_ctrl_inst"
Info (10264): Verilog HDL Case Statement information at i2c_ctrl.v(203): all case item expressions in this case statement are onehot
Warning (10240): Verilog HDL Always Construct warning at i2c_ctrl.v(203): inferring latch(es) for variable "ack", which holds its previous value in one or more paths through the always construct
Warning (10027): Verilog HDL or VHDL warning at the i2c_ctrl.v(264): index expression is not wide enough to address all of the elements in the array
Warning (10240): Verilog HDL Always Construct warning at i2c_ctrl.v(241): inferring latch(es) for variable "i2c_sda_reg", which holds its previous value in one or more paths through the always construct
Warning (10240): Verilog HDL Always Construct warning at i2c_ctrl.v(241): inferring latch(es) for variable "rd_data_reg", which holds its previous value in one or more paths through the always construct
Info (10041): Inferred latch for "rd_data_reg[0]" at i2c_ctrl.v(241)
Info (10041): Inferred latch for "rd_data_reg[1]" at i2c_ctrl.v(241)
Info (10041): Inferred latch for "rd_data_reg[2]" at i2c_ctrl.v(241)
Info (10041): Inferred latch for "rd_data_reg[3]" at i2c_ctrl.v(241)
Info (10041): Inferred latch for "rd_data_reg[4]" at i2c_ctrl.v(241)
Info (10041): Inferred latch for "rd_data_reg[5]" at i2c_ctrl.v(241)
Info (10041): Inferred latch for "rd_data_reg[6]" at i2c_ctrl.v(241)
Info (10041): Inferred latch for "rd_data_reg[7]" at i2c_ctrl.v(241)
Info (10041): Inferred latch for "i2c_sda_reg" at i2c_ctrl.v(241)
Info (10041): Inferred latch for "ack" at i2c_ctrl.v(203)
Info (12128): Elaborating entity "key_filter" for hierarchy "key_filter:key_filter_inst"
Info (12128): Elaborating entity "key_ctrl" for hierarchy "key_ctrl:key_ctrl_inst"
Info (278001): Inferred 2 megafunctions from design logic
    Info (278003): Inferred multiplier megafunction ("lpm_mult") from the following logic: "ap3216c_ctrl:ap3216c_ctrl_inst|Mult0"
    Info (278004): Inferred divider/modulo megafunction ("lpm_divide") from the following logic: "ap3216c_ctrl:ap3216c_ctrl_inst|Div0"
Info (12130): Elaborated megafunction instantiation "ap3216c_ctrl:ap3216c_ctrl_inst|lpm_mult:Mult0"
Info (12133): Instantiated megafunction "ap3216c_ctrl:ap3216c_ctrl_inst|lpm_mult:Mult0" with the following parameter:
    Info (12134): Parameter "LPM_WIDTHA" = "16"
    Info (12134): Parameter "LPM_WIDTHB" = "6"
    Info (12134): Parameter "LPM_WIDTHP" = "22"
    Info (12134): Parameter "LPM_WIDTHR" = "22"
    Info (12134): Parameter "LPM_WIDTHS" = "1"
    Info (12134): Parameter "LPM_REPRESENTATION" = "UNSIGNED"
    Info (12134): Parameter "INPUT_A_IS_CONSTANT" = "NO"
    Info (12134): Parameter "INPUT_B_IS_CONSTANT" = "YES"
    Info (12134): Parameter "MAXIMIZE_SPEED" = "6"
Info (12131): Elaborated megafunction instantiation "ap3216c_ctrl:ap3216c_ctrl_inst|lpm_mult:Mult0|multcore:mult_core", which is child of megafunction instantiation "ap3216c_ctrl:ap3216c_ctrl_inst|lpm_mult:Mult0"
Info (12131): Elaborated megafunction instantiation "ap3216c_ctrl:ap3216c_ctrl_inst|lpm_mult:Mult0|multcore:mult_core|mpar_add:padder", which is child of megafunction instantiation "ap3216c_ctrl:ap3216c_ctrl_inst|lpm_mult:Mult0"
Info (12131): Elaborated megafunction instantiation "ap3216c_ctrl:ap3216c_ctrl_inst|lpm_mult:Mult0|multcore:mult_core|mpar_add:padder|lpm_add_sub:adder[1]", which is child of megafunction instantiation "ap3216c_ctrl:ap3216c_ctrl_inst|lpm_mult:Mult0"
Info (12021): Found 1 design units, including 1 entities, in source file db/add_sub_jgh.tdf
    Info (12023): Found entity 1: add_sub_jgh
Info (12131): Elaborated megafunction instantiation "ap3216c_ctrl:ap3216c_ctrl_inst|lpm_mult:Mult0|multcore:mult_core|mpar_add:padder|mpar_add:sub_par_add", which is child of megafunction instantiation "ap3216c_ctrl:ap3216c_ctrl_inst|lpm_mult:Mult0"
Info (12131): Elaborated megafunction instantiation "ap3216c_ctrl:ap3216c_ctrl_inst|lpm_mult:Mult0|multcore:mult_core|mpar_add:padder|mpar_add:sub_par_add|lpm_add_sub:adder[0]", which is child of megafunction instantiation "ap3216c_ctrl:ap3216c_ctrl_inst|lpm_mult:Mult0"
Info (12021): Found 1 design units, including 1 entities, in source file db/add_sub_ngh.tdf
    Info (12023): Found entity 1: add_sub_ngh
Info (12131): Elaborated megafunction instantiation "ap3216c_ctrl:ap3216c_ctrl_inst|lpm_mult:Mult0|altshift:external_latency_ffs", which is child of megafunction instantiation "ap3216c_ctrl:ap3216c_ctrl_inst|lpm_mult:Mult0"
Info (12130): Elaborated megafunction instantiation "ap3216c_ctrl:ap3216c_ctrl_inst|lpm_divide:Div0"
Info (12133): Instantiated megafunction "ap3216c_ctrl:ap3216c_ctrl_inst|lpm_divide:Div0" with the following parameter:
    Info (12134): Parameter "LPM_WIDTHN" = "16"
    Info (12134): Parameter "LPM_WIDTHD" = "7"
    Info (12134): Parameter "LPM_NREPRESENTATION" = "UNSIGNED"
    Info (12134): Parameter "LPM_DREPRESENTATION" = "UNSIGNED"
Info (12021): Found 1 design units, including 1 entities, in source file db/lpm_divide_5jm.tdf
    Info (12023): Found entity 1: lpm_divide_5jm
Info (12021): Found 1 design units, including 1 entities, in source file db/sign_div_unsign_tlh.tdf
    Info (12023): Found entity 1: sign_div_unsign_tlh
Info (12021): Found 1 design units, including 1 entities, in source file db/alt_u_div_e7f.tdf
    Info (12023): Found entity 1: alt_u_div_e7f
Info (12021): Found 1 design units, including 1 entities, in source file db/add_sub_7pc.tdf
    Info (12023): Found entity 1: add_sub_7pc
Info (12021): Found 1 design units, including 1 entities, in source file db/add_sub_8pc.tdf
    Info (12023): Found entity 1: add_sub_8pc
Warning (13012): Latch i2c_ctrl:i2c_ctrl_inst|rd_data_reg[5] has unsafe behavior
    Warning (13013): Ports D and ENA on the latch are fed by the same signal i2c_ctrl:i2c_ctrl_inst|state.RD_DATA
Warning (13012): Latch i2c_ctrl:i2c_ctrl_inst|rd_data_reg[4] has unsafe behavior
    Warning (13013): Ports D and ENA on the latch are fed by the same signal i2c_ctrl:i2c_ctrl_inst|state.RD_DATA
Warning (13012): Latch i2c_ctrl:i2c_ctrl_inst|rd_data_reg[3] has unsafe behavior
    Warning (13013): Ports D and ENA on the latch are fed by the same signal i2c_ctrl:i2c_ctrl_inst|state.RD_DATA
Warning (13012): Latch i2c_ctrl:i2c_ctrl_inst|rd_data_reg[2] has unsafe behavior
    Warning (13013): Ports D and ENA on the latch are fed by the same signal i2c_ctrl:i2c_ctrl_inst|state.RD_DATA
Warning (13012): Latch i2c_ctrl:i2c_ctrl_inst|rd_data_reg[1] has unsafe behavior
    Warning (13013): Ports D and ENA on the latch are fed by the same signal i2c_ctrl:i2c_ctrl_inst|state.RD_DATA
Warning (13012): Latch i2c_ctrl:i2c_ctrl_inst|rd_data_reg[7] has unsafe behavior
    Warning (13013): Ports D and ENA on the latch are fed by the same signal i2c_ctrl:i2c_ctrl_inst|state.RD_DATA
Warning (13012): Latch i2c_ctrl:i2c_ctrl_inst|rd_data_reg[6] has unsafe behavior
    Warning (13013): Ports D and ENA on the latch are fed by the same signal i2c_ctrl:i2c_ctrl_inst|state.RD_DATA
Warning (13012): Latch i2c_ctrl:i2c_ctrl_inst|rd_data_reg[0] has unsafe behavior
    Warning (13013): Ports D and ENA on the latch are fed by the same signal i2c_ctrl:i2c_ctrl_inst|state.RD_DATA
Info (13000): Registers with preset signals will power-up high
Info (13003): DEV_CLRn pin will set, and not reset, register with preset signal due to NOT Gate Push-Back
Info (286030): Timing-Driven Synthesis is running
Info (17049): 7 registers lost all their fanouts during netlist optimizations.
Info (144001): Generated suppressed messages file C:/Users/xuan/Desktop/ap3216c/quartus_prj/output_files/ap3216c.map.smsg
Info (16010): Generating hard_block partition "hard_block:auto_generated_inst"
    Info (16011): Adding 0 node(s), including 0 DDIO, 0 PLL, 0 transceiver and 0 LCELL
Info (21057): Implemented 712 device resources after synthesis - the final resource count might be different
    Info (21058): Implemented 3 input pins
    Info (21059): Implemented 5 output pins
    Info (21060): Implemented 1 bidirectional pins
    Info (21061): Implemented 703 logic cells
Info: Quartus II 64-Bit Analysis & Synthesis was successful. 0 errors, 23 warnings
    Info: Peak virtual memory: 4650 megabytes
    Info: Processing ended: Tue Jun 09 17:30:10 2026
    Info: Elapsed time: 00:00:02
    Info: Total CPU time (on all processors): 00:00:02


+------------------------------------------+
; Analysis & Synthesis Suppressed Messages ;
+------------------------------------------+
The suppressed messages can be found in C:/Users/xuan/Desktop/ap3216c/quartus_prj/output_files/ap3216c.map.smsg.


